<?xml version="1.0" encoding="UTF-8" ?>
<testsuite errors="0" failures="0" hostname="Kirsten-MSI" name="tests.SpaceTraderTests" tests="4" time="0.155" timestamp="2012-11-15T22:03:13">
  <properties>
[...]
</properties>
  <testcase classname="tests.SpaceTraderTests" name="AddingToCraftTest" time="0.096" />
  <testcase classname="tests.SpaceTraderTests" name="CanFlyTest" time="0.001" />
  <testcase classname="tests.SpaceTraderTests" name="FillingFuelTest" time="0.0" />
  <testcase classname="tests.SpaceTraderTests" name="CanSpendMoneyTest" time="0.001" />
  <system-out><![CDATA[]]></system-out>
  <system-err><![CDATA[]]></system-err>
</testsuite>
